<?xml version="1.0" encoding="UTF-8"?>
<!-- Generated by org.testng.reporters.JUnitReportReporter -->
<testsuite hostname="HPDB0041" name="com.Automation.HrisTest.NewTest" tests="5" failures="0" timestamp="27 Jun 2018 13:15:27 GMT" time="12.632" errors="0">
  <testcase name="LogOutCheck" time="3.883" classname="com.Automation.HrisTest.NewTest"/>
  <testcase name="LoginINCorrectPassword" time="1.217" classname="com.Automation.HrisTest.NewTest"/>
  <testcase name="LoginINCorrectCredentials" time="1.010" classname="com.Automation.HrisTest.NewTest"/>
  <testcase name="LoginCorrectCredentials" time="6.288" classname="com.Automation.HrisTest.NewTest"/>
  <testcase name="click_Login" time="0.234" classname="com.Automation.HrisTest.NewTest"/>
</testsuite> <!-- com.Automation.HrisTest.NewTest -->
